<?xml version="1.0" encoding="UTF-8"?>
<!-- Generated by org.testng.reporters.JUnitXMLReporter -->
<testsuite ignored="0" hostname="P3BLAP-9388WRB" failures="1" tests="1" name="CheckBoxesTest" time="96.52" errors="0" timestamp="07 Jul 2021 10:43:22 GMT">
  <testcase classname="com.herokuapp.theinternet.checkboxestests.CheckboxesTests" name="selectTwoCheckboxesTests" time="92.347">
    <failure type="java.lang.AssertionError" message="Not all checkboxes are selected expected [true] but found [false]">
      <![CDATA[java.lang.AssertionError: Not all checkboxes are selected expected [true] but found [false]
at com.herokuapp.theinternet.checkboxestests.CheckboxesTests.selectTwoCheckboxesTests(CheckboxesTests.java:27)
... Removed 28 stack frames]]>
    </failure>
  </testcase> <!-- selectTwoCheckboxesTests -->
</testsuite> <!-- CheckBoxesTest -->
