<?xml version="1.0" encoding="UTF-8"?>
<!-- Generated by org.testng.reporters.JUnitXMLReporter -->
<testsuite ignored="0" hostname="P3BLAP-9388WRB" failures="1" tests="3" name="JSAlertTest" time="46.191" errors="0" timestamp="13 Jul 2021 06:15:35 GMT">
  <testcase classname="com.herokuapp.theinternet.jsalerttests.JSAlertTests" name="jsAlert" time="15.979"/>
  <testcase classname="com.herokuapp.theinternet.jsalerttests.JSAlertTests" name="jsConfirm" time="10.634">
    <failure type="java.lang.AssertionError" message="The following asserts failed:
	Alert message is not expected. 
Should be &amp;apos;I am a JS Confirm&amp;apos;, but it is &amp;apos;I am a JS Confirm&amp;apos; expected [true] but found [false],
	Result message is not expected. 
Should be &amp;apos;You clicked: Cancel&amp;apos;, but it is &amp;apos;You clicked: Cancel&amp;apos; expected [true] but found [false]">
      <![CDATA[java.lang.AssertionError: The following asserts failed:
Alert message is not expected. 
Should be 'I am a JS Confirm', but it is 'I am a JS Confirm' expected [true] but found [false],
Result message is not expected. 
Should be 'You clicked: Cancel', but it is 'You clicked: Cancel' expected [true] but found [false]
at com.herokuapp.theinternet.jsalerttests.JSAlertTests.jsConfirm(JSAlertTests.java:86)
... Removed 26 stack frames]]>
    </failure>
  </testcase> <!-- jsConfirm -->
  <testcase classname="com.herokuapp.theinternet.jsalerttests.JSAlertTests" name="jsPrompt" time="9.853"/>
</testsuite> <!-- JSAlertTest -->
